.\Debug\qhull.bsc
C:\Users\BCR_lab\Documents\Xin Guan\Absams_GUI08\Absams_GUI08\absamsV3.3\qhull2002.1\VisualC6\qhull\.\Debug\qhull.lib
C:\Users\BCR_lab\Documents\Xin Guan\Absams_GUI08\Absams_GUI08\absamsV3.3\qhull2002.1\VisualC6\qhull\Debug\BscMake.command.1.tlog
C:\Users\BCR_lab\Documents\Xin Guan\Absams_GUI08\Absams_GUI08\absamsV3.3\qhull2002.1\VisualC6\qhull\Debug\bscmake.read.1.tlog
C:\Users\BCR_lab\Documents\Xin Guan\Absams_GUI08\Absams_GUI08\absamsV3.3\qhull2002.1\VisualC6\qhull\Debug\bscmake.write.1.tlog
C:\Users\BCR_lab\Documents\Xin Guan\Absams_GUI08\Absams_GUI08\absamsV3.3\qhull2002.1\VisualC6\qhull\Debug\cl.command.1.tlog
C:\Users\BCR_lab\Documents\Xin Guan\Absams_GUI08\Absams_GUI08\absamsV3.3\qhull2002.1\VisualC6\qhull\Debug\CL.read.1.tlog
C:\Users\BCR_lab\Documents\Xin Guan\Absams_GUI08\Absams_GUI08\absamsV3.3\qhull2002.1\VisualC6\qhull\Debug\CL.write.1.tlog
C:\USERS\BCR_LAB\DOCUMENTS\XIN GUAN\ABSAMS_GUI08\ABSAMS_GUI08\ABSAMSV3.3\QHULL2002.1\VISUALC6\QHULL\DEBUG\GEOM.OBJ
C:\USERS\BCR_LAB\DOCUMENTS\XIN GUAN\ABSAMS_GUI08\ABSAMS_GUI08\ABSAMSV3.3\QHULL2002.1\VISUALC6\QHULL\DEBUG\GEOM.SBR
C:\USERS\BCR_LAB\DOCUMENTS\XIN GUAN\ABSAMS_GUI08\ABSAMS_GUI08\ABSAMSV3.3\QHULL2002.1\VISUALC6\QHULL\DEBUG\GEOM2.OBJ
C:\USERS\BCR_LAB\DOCUMENTS\XIN GUAN\ABSAMS_GUI08\ABSAMS_GUI08\ABSAMSV3.3\QHULL2002.1\VISUALC6\QHULL\DEBUG\GEOM2.SBR
C:\USERS\BCR_LAB\DOCUMENTS\XIN GUAN\ABSAMS_GUI08\ABSAMS_GUI08\ABSAMSV3.3\QHULL2002.1\VISUALC6\QHULL\DEBUG\GLOBAL.OBJ
C:\USERS\BCR_LAB\DOCUMENTS\XIN GUAN\ABSAMS_GUI08\ABSAMS_GUI08\ABSAMSV3.3\QHULL2002.1\VISUALC6\QHULL\DEBUG\GLOBAL.SBR
C:\USERS\BCR_LAB\DOCUMENTS\XIN GUAN\ABSAMS_GUI08\ABSAMS_GUI08\ABSAMSV3.3\QHULL2002.1\VISUALC6\QHULL\DEBUG\IO.OBJ
C:\USERS\BCR_LAB\DOCUMENTS\XIN GUAN\ABSAMS_GUI08\ABSAMS_GUI08\ABSAMSV3.3\QHULL2002.1\VISUALC6\QHULL\DEBUG\IO.SBR
C:\Users\BCR_lab\Documents\Xin Guan\Absams_GUI08\Absams_GUI08\absamsV3.3\qhull2002.1\VisualC6\qhull\Debug\lib.command.1.tlog
C:\Users\BCR_lab\Documents\Xin Guan\Absams_GUI08\Absams_GUI08\absamsV3.3\qhull2002.1\VisualC6\qhull\Debug\Lib-link.read.1.tlog
C:\Users\BCR_lab\Documents\Xin Guan\Absams_GUI08\Absams_GUI08\absamsV3.3\qhull2002.1\VisualC6\qhull\Debug\Lib-link.write.1.tlog
C:\USERS\BCR_LAB\DOCUMENTS\XIN GUAN\ABSAMS_GUI08\ABSAMS_GUI08\ABSAMSV3.3\QHULL2002.1\VISUALC6\QHULL\DEBUG\MEM.OBJ
C:\USERS\BCR_LAB\DOCUMENTS\XIN GUAN\ABSAMS_GUI08\ABSAMS_GUI08\ABSAMSV3.3\QHULL2002.1\VISUALC6\QHULL\DEBUG\MEM.SBR
C:\USERS\BCR_LAB\DOCUMENTS\XIN GUAN\ABSAMS_GUI08\ABSAMS_GUI08\ABSAMSV3.3\QHULL2002.1\VISUALC6\QHULL\DEBUG\MERGE.OBJ
C:\USERS\BCR_LAB\DOCUMENTS\XIN GUAN\ABSAMS_GUI08\ABSAMS_GUI08\ABSAMSV3.3\QHULL2002.1\VISUALC6\QHULL\DEBUG\MERGE.SBR
C:\USERS\BCR_LAB\DOCUMENTS\XIN GUAN\ABSAMS_GUI08\ABSAMS_GUI08\ABSAMSV3.3\QHULL2002.1\VISUALC6\QHULL\DEBUG\POLY.OBJ
C:\USERS\BCR_LAB\DOCUMENTS\XIN GUAN\ABSAMS_GUI08\ABSAMS_GUI08\ABSAMSV3.3\QHULL2002.1\VISUALC6\QHULL\DEBUG\POLY.SBR
C:\USERS\BCR_LAB\DOCUMENTS\XIN GUAN\ABSAMS_GUI08\ABSAMS_GUI08\ABSAMSV3.3\QHULL2002.1\VISUALC6\QHULL\DEBUG\POLY2.OBJ
C:\USERS\BCR_LAB\DOCUMENTS\XIN GUAN\ABSAMS_GUI08\ABSAMS_GUI08\ABSAMSV3.3\QHULL2002.1\VISUALC6\QHULL\DEBUG\POLY2.SBR
C:\USERS\BCR_LAB\DOCUMENTS\XIN GUAN\ABSAMS_GUI08\ABSAMS_GUI08\ABSAMSV3.3\QHULL2002.1\VISUALC6\QHULL\DEBUG\QHULL.BSC
C:\USERS\BCR_LAB\DOCUMENTS\XIN GUAN\ABSAMS_GUI08\ABSAMS_GUI08\ABSAMSV3.3\QHULL2002.1\VISUALC6\QHULL\DEBUG\QHULL.LIB
C:\USERS\BCR_LAB\DOCUMENTS\XIN GUAN\ABSAMS_GUI08\ABSAMS_GUI08\ABSAMSV3.3\QHULL2002.1\VISUALC6\QHULL\DEBUG\QHULL.OBJ
C:\USERS\BCR_LAB\DOCUMENTS\XIN GUAN\ABSAMS_GUI08\ABSAMS_GUI08\ABSAMSV3.3\QHULL2002.1\VISUALC6\QHULL\DEBUG\QHULL.SBR
C:\USERS\BCR_LAB\DOCUMENTS\XIN GUAN\ABSAMS_GUI08\ABSAMS_GUI08\ABSAMSV3.3\QHULL2002.1\VISUALC6\QHULL\DEBUG\QSET.OBJ
C:\USERS\BCR_LAB\DOCUMENTS\XIN GUAN\ABSAMS_GUI08\ABSAMS_GUI08\ABSAMSV3.3\QHULL2002.1\VISUALC6\QHULL\DEBUG\QSET.SBR
C:\USERS\BCR_LAB\DOCUMENTS\XIN GUAN\ABSAMS_GUI08\ABSAMS_GUI08\ABSAMSV3.3\QHULL2002.1\VISUALC6\QHULL\DEBUG\STAT.OBJ
C:\USERS\BCR_LAB\DOCUMENTS\XIN GUAN\ABSAMS_GUI08\ABSAMS_GUI08\ABSAMSV3.3\QHULL2002.1\VISUALC6\QHULL\DEBUG\STAT.SBR
C:\USERS\BCR_LAB\DOCUMENTS\XIN GUAN\ABSAMS_GUI08\ABSAMS_GUI08\ABSAMSV3.3\QHULL2002.1\VISUALC6\QHULL\DEBUG\USER.OBJ
C:\USERS\BCR_LAB\DOCUMENTS\XIN GUAN\ABSAMS_GUI08\ABSAMS_GUI08\ABSAMSV3.3\QHULL2002.1\VISUALC6\QHULL\DEBUG\USER.SBR
C:\Users\BCR_lab\Documents\Xin Guan\Absams_GUI08\Absams_GUI08\absamsV3.3\qhull2002.1\VisualC6\qhull\Debug\vc100.idb
C:\USERS\BCR_LAB\DOCUMENTS\XIN GUAN\ABSAMS_GUI08\ABSAMS_GUI08\ABSAMSV3.3\QHULL2002.1\VISUALC6\QHULL\DEBUG\VC100.PDB
