.\Debug\Assembly.bsc
C:\Users\BCR_lab\Documents\Xin Guan\Absams_GUI08\Absams_GUI08\absamsV3.3\Assembly\.\Debug\Assembly.lib
C:\USERS\BCR_LAB\DOCUMENTS\XIN GUAN\ABSAMS_GUI08\ABSAMS_GUI08\ABSAMSV3.3\ASSEMBLY\DEBUG\ASSEMBLY.BSC
C:\USERS\BCR_LAB\DOCUMENTS\XIN GUAN\ABSAMS_GUI08\ABSAMS_GUI08\ABSAMSV3.3\ASSEMBLY\DEBUG\ASSEMBLY.LIB
C:\USERS\BCR_LAB\DOCUMENTS\XIN GUAN\ABSAMS_GUI08\ABSAMS_GUI08\ABSAMSV3.3\ASSEMBLY\DEBUG\ASSEMBLY.OBJ
C:\USERS\BCR_LAB\DOCUMENTS\XIN GUAN\ABSAMS_GUI08\ABSAMS_GUI08\ABSAMSV3.3\ASSEMBLY\DEBUG\ASSEMBLY.SBR
C:\Users\BCR_lab\Documents\Xin Guan\Absams_GUI08\Absams_GUI08\absamsV3.3\Assembly\Debug\Assembly.write.1.tlog
C:\USERS\BCR_LAB\DOCUMENTS\XIN GUAN\ABSAMS_GUI08\ABSAMS_GUI08\ABSAMSV3.3\ASSEMBLY\DEBUG\BOX.OBJ
C:\USERS\BCR_LAB\DOCUMENTS\XIN GUAN\ABSAMS_GUI08\ABSAMS_GUI08\ABSAMSV3.3\ASSEMBLY\DEBUG\BOX.SBR
C:\Users\BCR_lab\Documents\Xin Guan\Absams_GUI08\Absams_GUI08\absamsV3.3\Assembly\Debug\BscMake.command.1.tlog
C:\Users\BCR_lab\Documents\Xin Guan\Absams_GUI08\Absams_GUI08\absamsV3.3\Assembly\Debug\bscmake.read.1.tlog
C:\Users\BCR_lab\Documents\Xin Guan\Absams_GUI08\Absams_GUI08\absamsV3.3\Assembly\Debug\bscmake.write.1.tlog
C:\Users\BCR_lab\Documents\Xin Guan\Absams_GUI08\Absams_GUI08\absamsV3.3\Assembly\Debug\cl.command.1.tlog
C:\Users\BCR_lab\Documents\Xin Guan\Absams_GUI08\Absams_GUI08\absamsV3.3\Assembly\Debug\CL.read.1.tlog
C:\Users\BCR_lab\Documents\Xin Guan\Absams_GUI08\Absams_GUI08\absamsV3.3\Assembly\Debug\CL.write.1.tlog
C:\USERS\BCR_LAB\DOCUMENTS\XIN GUAN\ABSAMS_GUI08\ABSAMS_GUI08\ABSAMSV3.3\ASSEMBLY\DEBUG\CYLINDER.OBJ
C:\USERS\BCR_LAB\DOCUMENTS\XIN GUAN\ABSAMS_GUI08\ABSAMS_GUI08\ABSAMSV3.3\ASSEMBLY\DEBUG\CYLINDER.SBR
C:\Users\BCR_lab\Documents\Xin Guan\Absams_GUI08\Absams_GUI08\absamsV3.3\Assembly\Debug\lib.command.1.tlog
C:\Users\BCR_lab\Documents\Xin Guan\Absams_GUI08\Absams_GUI08\absamsV3.3\Assembly\Debug\Lib-link.read.1.tlog
C:\Users\BCR_lab\Documents\Xin Guan\Absams_GUI08\Absams_GUI08\absamsV3.3\Assembly\Debug\Lib-link.write.1.tlog
C:\USERS\BCR_LAB\DOCUMENTS\XIN GUAN\ABSAMS_GUI08\ABSAMS_GUI08\ABSAMSV3.3\ASSEMBLY\DEBUG\LIST.OBJ
C:\USERS\BCR_LAB\DOCUMENTS\XIN GUAN\ABSAMS_GUI08\ABSAMS_GUI08\ABSAMSV3.3\ASSEMBLY\DEBUG\LIST.SBR
C:\USERS\BCR_LAB\DOCUMENTS\XIN GUAN\ABSAMS_GUI08\ABSAMS_GUI08\ABSAMSV3.3\ASSEMBLY\DEBUG\LISTELEMENT.OBJ
C:\USERS\BCR_LAB\DOCUMENTS\XIN GUAN\ABSAMS_GUI08\ABSAMS_GUI08\ABSAMSV3.3\ASSEMBLY\DEBUG\LISTELEMENT.SBR
C:\USERS\BCR_LAB\DOCUMENTS\XIN GUAN\ABSAMS_GUI08\ABSAMS_GUI08\ABSAMSV3.3\ASSEMBLY\DEBUG\MUSCLE.OBJ
C:\USERS\BCR_LAB\DOCUMENTS\XIN GUAN\ABSAMS_GUI08\ABSAMS_GUI08\ABSAMSV3.3\ASSEMBLY\DEBUG\MUSCLE.SBR
C:\USERS\BCR_LAB\DOCUMENTS\XIN GUAN\ABSAMS_GUI08\ABSAMS_GUI08\ABSAMSV3.3\ASSEMBLY\DEBUG\MUSCLEGROUP.OBJ
C:\USERS\BCR_LAB\DOCUMENTS\XIN GUAN\ABSAMS_GUI08\ABSAMS_GUI08\ABSAMSV3.3\ASSEMBLY\DEBUG\MUSCLEGROUP.SBR
C:\USERS\BCR_LAB\DOCUMENTS\XIN GUAN\ABSAMS_GUI08\ABSAMS_GUI08\ABSAMSV3.3\ASSEMBLY\DEBUG\NODE.OBJ
C:\USERS\BCR_LAB\DOCUMENTS\XIN GUAN\ABSAMS_GUI08\ABSAMS_GUI08\ABSAMSV3.3\ASSEMBLY\DEBUG\NODE.SBR
C:\USERS\BCR_LAB\DOCUMENTS\XIN GUAN\ABSAMS_GUI08\ABSAMS_GUI08\ABSAMSV3.3\ASSEMBLY\DEBUG\SPRING.OBJ
C:\USERS\BCR_LAB\DOCUMENTS\XIN GUAN\ABSAMS_GUI08\ABSAMS_GUI08\ABSAMSV3.3\ASSEMBLY\DEBUG\SPRING.SBR
C:\USERS\BCR_LAB\DOCUMENTS\XIN GUAN\ABSAMS_GUI08\ABSAMS_GUI08\ABSAMSV3.3\ASSEMBLY\DEBUG\SPRINGBASE.OBJ
C:\USERS\BCR_LAB\DOCUMENTS\XIN GUAN\ABSAMS_GUI08\ABSAMS_GUI08\ABSAMSV3.3\ASSEMBLY\DEBUG\SPRINGBASE.SBR
C:\USERS\BCR_LAB\DOCUMENTS\XIN GUAN\ABSAMS_GUI08\ABSAMS_GUI08\ABSAMSV3.3\ASSEMBLY\DEBUG\STATUS.OBJ
C:\USERS\BCR_LAB\DOCUMENTS\XIN GUAN\ABSAMS_GUI08\ABSAMS_GUI08\ABSAMSV3.3\ASSEMBLY\DEBUG\STATUS.SBR
C:\USERS\BCR_LAB\DOCUMENTS\XIN GUAN\ABSAMS_GUI08\ABSAMS_GUI08\ABSAMSV3.3\ASSEMBLY\DEBUG\SUCKER.OBJ
C:\USERS\BCR_LAB\DOCUMENTS\XIN GUAN\ABSAMS_GUI08\ABSAMS_GUI08\ABSAMSV3.3\ASSEMBLY\DEBUG\SUCKER.SBR
C:\USERS\BCR_LAB\DOCUMENTS\XIN GUAN\ABSAMS_GUI08\ABSAMS_GUI08\ABSAMSV3.3\ASSEMBLY\DEBUG\SURFACE.OBJ
C:\USERS\BCR_LAB\DOCUMENTS\XIN GUAN\ABSAMS_GUI08\ABSAMS_GUI08\ABSAMSV3.3\ASSEMBLY\DEBUG\SURFACE.SBR
C:\Users\BCR_lab\Documents\Xin Guan\Absams_GUI08\Absams_GUI08\absamsV3.3\Assembly\Debug\vc100.idb
C:\USERS\BCR_LAB\DOCUMENTS\XIN GUAN\ABSAMS_GUI08\ABSAMS_GUI08\ABSAMSV3.3\ASSEMBLY\DEBUG\VC100.PDB
C:\USERS\BCR_LAB\DOCUMENTS\XIN GUAN\ABSAMS_GUI08\ABSAMS_GUI08\ABSAMSV3.3\ASSEMBLY\DEBUG\VECTOR.OBJ
C:\USERS\BCR_LAB\DOCUMENTS\XIN GUAN\ABSAMS_GUI08\ABSAMS_GUI08\ABSAMSV3.3\ASSEMBLY\DEBUG\VECTOR.SBR
