.\Debug\Solid.bsc
C:\Users\BCR_lab\Documents\Xin Guan\Absams_GUI08\Absams_GUI08\absamsV3.3\Solid\.\Debug\Solid.lib
C:\USERS\BCR_LAB\DOCUMENTS\XIN GUAN\ABSAMS_GUI08\ABSAMS_GUI08\ABSAMSV3.3\SOLID\DEBUG\BP_C-API.OBJ
C:\USERS\BCR_LAB\DOCUMENTS\XIN GUAN\ABSAMS_GUI08\ABSAMS_GUI08\ABSAMSV3.3\SOLID\DEBUG\BP_C-API.SBR
C:\USERS\BCR_LAB\DOCUMENTS\XIN GUAN\ABSAMS_GUI08\ABSAMS_GUI08\ABSAMSV3.3\SOLID\DEBUG\BP_ENDPOINTLIST.OBJ
C:\USERS\BCR_LAB\DOCUMENTS\XIN GUAN\ABSAMS_GUI08\ABSAMS_GUI08\ABSAMSV3.3\SOLID\DEBUG\BP_ENDPOINTLIST.SBR
C:\USERS\BCR_LAB\DOCUMENTS\XIN GUAN\ABSAMS_GUI08\ABSAMS_GUI08\ABSAMSV3.3\SOLID\DEBUG\BP_PROXY.OBJ
C:\USERS\BCR_LAB\DOCUMENTS\XIN GUAN\ABSAMS_GUI08\ABSAMS_GUI08\ABSAMSV3.3\SOLID\DEBUG\BP_PROXY.SBR
C:\USERS\BCR_LAB\DOCUMENTS\XIN GUAN\ABSAMS_GUI08\ABSAMS_GUI08\ABSAMSV3.3\SOLID\DEBUG\BP_SCENE.OBJ
C:\USERS\BCR_LAB\DOCUMENTS\XIN GUAN\ABSAMS_GUI08\ABSAMS_GUI08\ABSAMSV3.3\SOLID\DEBUG\BP_SCENE.SBR
C:\Users\BCR_lab\Documents\Xin Guan\Absams_GUI08\Absams_GUI08\absamsV3.3\Solid\Debug\BscMake.command.1.tlog
C:\Users\BCR_lab\Documents\Xin Guan\Absams_GUI08\Absams_GUI08\absamsV3.3\Solid\Debug\bscmake.read.1.tlog
C:\Users\BCR_lab\Documents\Xin Guan\Absams_GUI08\Absams_GUI08\absamsV3.3\Solid\Debug\bscmake.write.1.tlog
C:\Users\BCR_lab\Documents\Xin Guan\Absams_GUI08\Absams_GUI08\absamsV3.3\Solid\Debug\cl.command.1.tlog
C:\Users\BCR_lab\Documents\Xin Guan\Absams_GUI08\Absams_GUI08\absamsV3.3\Solid\Debug\CL.read.1.tlog
C:\Users\BCR_lab\Documents\Xin Guan\Absams_GUI08\Absams_GUI08\absamsV3.3\Solid\Debug\CL.write.1.tlog
C:\USERS\BCR_LAB\DOCUMENTS\XIN GUAN\ABSAMS_GUI08\ABSAMS_GUI08\ABSAMSV3.3\SOLID\DEBUG\DT_ACCURACY.OBJ
C:\USERS\BCR_LAB\DOCUMENTS\XIN GUAN\ABSAMS_GUI08\ABSAMS_GUI08\ABSAMSV3.3\SOLID\DEBUG\DT_ACCURACY.SBR
C:\USERS\BCR_LAB\DOCUMENTS\XIN GUAN\ABSAMS_GUI08\ABSAMS_GUI08\ABSAMSV3.3\SOLID\DEBUG\DT_BBOXTREE.OBJ
C:\USERS\BCR_LAB\DOCUMENTS\XIN GUAN\ABSAMS_GUI08\ABSAMS_GUI08\ABSAMSV3.3\SOLID\DEBUG\DT_BBOXTREE.SBR
C:\USERS\BCR_LAB\DOCUMENTS\XIN GUAN\ABSAMS_GUI08\ABSAMS_GUI08\ABSAMSV3.3\SOLID\DEBUG\DT_BOX.OBJ
C:\USERS\BCR_LAB\DOCUMENTS\XIN GUAN\ABSAMS_GUI08\ABSAMS_GUI08\ABSAMSV3.3\SOLID\DEBUG\DT_BOX.SBR
C:\USERS\BCR_LAB\DOCUMENTS\XIN GUAN\ABSAMS_GUI08\ABSAMS_GUI08\ABSAMSV3.3\SOLID\DEBUG\DT_C-API.OBJ
C:\USERS\BCR_LAB\DOCUMENTS\XIN GUAN\ABSAMS_GUI08\ABSAMS_GUI08\ABSAMSV3.3\SOLID\DEBUG\DT_C-API.SBR
C:\USERS\BCR_LAB\DOCUMENTS\XIN GUAN\ABSAMS_GUI08\ABSAMS_GUI08\ABSAMSV3.3\SOLID\DEBUG\DT_COMPLEX.OBJ
C:\USERS\BCR_LAB\DOCUMENTS\XIN GUAN\ABSAMS_GUI08\ABSAMS_GUI08\ABSAMSV3.3\SOLID\DEBUG\DT_COMPLEX.SBR
C:\USERS\BCR_LAB\DOCUMENTS\XIN GUAN\ABSAMS_GUI08\ABSAMS_GUI08\ABSAMSV3.3\SOLID\DEBUG\DT_CONE.OBJ
C:\USERS\BCR_LAB\DOCUMENTS\XIN GUAN\ABSAMS_GUI08\ABSAMS_GUI08\ABSAMSV3.3\SOLID\DEBUG\DT_CONE.SBR
C:\USERS\BCR_LAB\DOCUMENTS\XIN GUAN\ABSAMS_GUI08\ABSAMS_GUI08\ABSAMSV3.3\SOLID\DEBUG\DT_CONVEX.OBJ
C:\USERS\BCR_LAB\DOCUMENTS\XIN GUAN\ABSAMS_GUI08\ABSAMS_GUI08\ABSAMSV3.3\SOLID\DEBUG\DT_CONVEX.SBR
C:\USERS\BCR_LAB\DOCUMENTS\XIN GUAN\ABSAMS_GUI08\ABSAMS_GUI08\ABSAMSV3.3\SOLID\DEBUG\DT_CYLINDER.OBJ
C:\USERS\BCR_LAB\DOCUMENTS\XIN GUAN\ABSAMS_GUI08\ABSAMS_GUI08\ABSAMSV3.3\SOLID\DEBUG\DT_CYLINDER.SBR
C:\USERS\BCR_LAB\DOCUMENTS\XIN GUAN\ABSAMS_GUI08\ABSAMS_GUI08\ABSAMSV3.3\SOLID\DEBUG\DT_ENCOUNTER.OBJ
C:\USERS\BCR_LAB\DOCUMENTS\XIN GUAN\ABSAMS_GUI08\ABSAMS_GUI08\ABSAMSV3.3\SOLID\DEBUG\DT_ENCOUNTER.SBR
C:\USERS\BCR_LAB\DOCUMENTS\XIN GUAN\ABSAMS_GUI08\ABSAMS_GUI08\ABSAMSV3.3\SOLID\DEBUG\DT_FACET.OBJ
C:\USERS\BCR_LAB\DOCUMENTS\XIN GUAN\ABSAMS_GUI08\ABSAMS_GUI08\ABSAMSV3.3\SOLID\DEBUG\DT_FACET.SBR
C:\USERS\BCR_LAB\DOCUMENTS\XIN GUAN\ABSAMS_GUI08\ABSAMS_GUI08\ABSAMSV3.3\SOLID\DEBUG\DT_LINESEGMENT.OBJ
C:\USERS\BCR_LAB\DOCUMENTS\XIN GUAN\ABSAMS_GUI08\ABSAMS_GUI08\ABSAMSV3.3\SOLID\DEBUG\DT_LINESEGMENT.SBR
C:\USERS\BCR_LAB\DOCUMENTS\XIN GUAN\ABSAMS_GUI08\ABSAMS_GUI08\ABSAMSV3.3\SOLID\DEBUG\DT_OBJECT.OBJ
C:\USERS\BCR_LAB\DOCUMENTS\XIN GUAN\ABSAMS_GUI08\ABSAMS_GUI08\ABSAMSV3.3\SOLID\DEBUG\DT_OBJECT.SBR
C:\USERS\BCR_LAB\DOCUMENTS\XIN GUAN\ABSAMS_GUI08\ABSAMS_GUI08\ABSAMSV3.3\SOLID\DEBUG\DT_PENDEPTH.OBJ
C:\USERS\BCR_LAB\DOCUMENTS\XIN GUAN\ABSAMS_GUI08\ABSAMS_GUI08\ABSAMSV3.3\SOLID\DEBUG\DT_PENDEPTH.SBR
C:\USERS\BCR_LAB\DOCUMENTS\XIN GUAN\ABSAMS_GUI08\ABSAMS_GUI08\ABSAMSV3.3\SOLID\DEBUG\DT_POINT.OBJ
C:\USERS\BCR_LAB\DOCUMENTS\XIN GUAN\ABSAMS_GUI08\ABSAMS_GUI08\ABSAMSV3.3\SOLID\DEBUG\DT_POINT.SBR
C:\USERS\BCR_LAB\DOCUMENTS\XIN GUAN\ABSAMS_GUI08\ABSAMS_GUI08\ABSAMSV3.3\SOLID\DEBUG\DT_POLYHEDRON.OBJ
C:\USERS\BCR_LAB\DOCUMENTS\XIN GUAN\ABSAMS_GUI08\ABSAMS_GUI08\ABSAMSV3.3\SOLID\DEBUG\DT_POLYHEDRON.SBR
C:\USERS\BCR_LAB\DOCUMENTS\XIN GUAN\ABSAMS_GUI08\ABSAMS_GUI08\ABSAMSV3.3\SOLID\DEBUG\DT_POLYTOPE.OBJ
C:\USERS\BCR_LAB\DOCUMENTS\XIN GUAN\ABSAMS_GUI08\ABSAMS_GUI08\ABSAMSV3.3\SOLID\DEBUG\DT_POLYTOPE.SBR
C:\USERS\BCR_LAB\DOCUMENTS\XIN GUAN\ABSAMS_GUI08\ABSAMS_GUI08\ABSAMSV3.3\SOLID\DEBUG\DT_RESPTABLE.OBJ
C:\USERS\BCR_LAB\DOCUMENTS\XIN GUAN\ABSAMS_GUI08\ABSAMS_GUI08\ABSAMSV3.3\SOLID\DEBUG\DT_RESPTABLE.SBR
C:\USERS\BCR_LAB\DOCUMENTS\XIN GUAN\ABSAMS_GUI08\ABSAMS_GUI08\ABSAMSV3.3\SOLID\DEBUG\DT_SCENE.OBJ
C:\USERS\BCR_LAB\DOCUMENTS\XIN GUAN\ABSAMS_GUI08\ABSAMS_GUI08\ABSAMSV3.3\SOLID\DEBUG\DT_SCENE.SBR
C:\USERS\BCR_LAB\DOCUMENTS\XIN GUAN\ABSAMS_GUI08\ABSAMS_GUI08\ABSAMSV3.3\SOLID\DEBUG\DT_SPHERE.OBJ
C:\USERS\BCR_LAB\DOCUMENTS\XIN GUAN\ABSAMS_GUI08\ABSAMS_GUI08\ABSAMSV3.3\SOLID\DEBUG\DT_SPHERE.SBR
C:\USERS\BCR_LAB\DOCUMENTS\XIN GUAN\ABSAMS_GUI08\ABSAMS_GUI08\ABSAMSV3.3\SOLID\DEBUG\DT_TRIANGLE.OBJ
C:\USERS\BCR_LAB\DOCUMENTS\XIN GUAN\ABSAMS_GUI08\ABSAMS_GUI08\ABSAMSV3.3\SOLID\DEBUG\DT_TRIANGLE.SBR
C:\USERS\BCR_LAB\DOCUMENTS\XIN GUAN\ABSAMS_GUI08\ABSAMS_GUI08\ABSAMSV3.3\SOLID\DEBUG\DYNAMIC.OBJ
C:\USERS\BCR_LAB\DOCUMENTS\XIN GUAN\ABSAMS_GUI08\ABSAMS_GUI08\ABSAMSV3.3\SOLID\DEBUG\DYNAMIC.SBR
C:\USERS\BCR_LAB\DOCUMENTS\XIN GUAN\ABSAMS_GUI08\ABSAMS_GUI08\ABSAMSV3.3\SOLID\DEBUG\KINETIC.OBJ
C:\USERS\BCR_LAB\DOCUMENTS\XIN GUAN\ABSAMS_GUI08\ABSAMS_GUI08\ABSAMSV3.3\SOLID\DEBUG\KINETIC.SBR
C:\Users\BCR_lab\Documents\Xin Guan\Absams_GUI08\Absams_GUI08\absamsV3.3\Solid\Debug\lib.command.1.tlog
C:\Users\BCR_lab\Documents\Xin Guan\Absams_GUI08\Absams_GUI08\absamsV3.3\Solid\Debug\Lib-link.read.1.tlog
C:\Users\BCR_lab\Documents\Xin Guan\Absams_GUI08\Absams_GUI08\absamsV3.3\Solid\Debug\Lib-link.write.1.tlog
C:\USERS\BCR_LAB\DOCUMENTS\XIN GUAN\ABSAMS_GUI08\ABSAMS_GUI08\ABSAMSV3.3\SOLID\DEBUG\RIGIDBODY.OBJ
C:\USERS\BCR_LAB\DOCUMENTS\XIN GUAN\ABSAMS_GUI08\ABSAMS_GUI08\ABSAMSV3.3\SOLID\DEBUG\RIGIDBODY.SBR
C:\USERS\BCR_LAB\DOCUMENTS\XIN GUAN\ABSAMS_GUI08\ABSAMS_GUI08\ABSAMSV3.3\SOLID\DEBUG\SOLID.BSC
C:\USERS\BCR_LAB\DOCUMENTS\XIN GUAN\ABSAMS_GUI08\ABSAMS_GUI08\ABSAMSV3.3\SOLID\DEBUG\SOLID.LIB
C:\Users\BCR_lab\Documents\Xin Guan\Absams_GUI08\Absams_GUI08\absamsV3.3\Solid\Debug\vc100.idb
C:\USERS\BCR_LAB\DOCUMENTS\XIN GUAN\ABSAMS_GUI08\ABSAMS_GUI08\ABSAMSV3.3\SOLID\DEBUG\VC100.PDB
