.\Debug\Simulation.bsc
C:\Users\BCR_lab\Documents\Xin Guan\Absams_GUI08\Absams_GUI08\absamsV3.3\Simulation\.\Debug\Simulation.lib
C:\Users\BCR_lab\Documents\Xin Guan\Absams_GUI08\Absams_GUI08\absamsV3.3\Simulation\Debug\BscMake.command.1.tlog
C:\Users\BCR_lab\Documents\Xin Guan\Absams_GUI08\Absams_GUI08\absamsV3.3\Simulation\Debug\bscmake.read.1.tlog
C:\Users\BCR_lab\Documents\Xin Guan\Absams_GUI08\Absams_GUI08\absamsV3.3\Simulation\Debug\bscmake.write.1.tlog
C:\Users\BCR_lab\Documents\Xin Guan\Absams_GUI08\Absams_GUI08\absamsV3.3\Simulation\Debug\cl.command.1.tlog
C:\Users\BCR_lab\Documents\Xin Guan\Absams_GUI08\Absams_GUI08\absamsV3.3\Simulation\Debug\CL.read.1.tlog
C:\Users\BCR_lab\Documents\Xin Guan\Absams_GUI08\Absams_GUI08\absamsV3.3\Simulation\Debug\CL.write.1.tlog
C:\USERS\BCR_LAB\DOCUMENTS\XIN GUAN\ABSAMS_GUI08\ABSAMS_GUI08\ABSAMSV3.3\SIMULATION\DEBUG\CONTROLFILE.OBJ
C:\USERS\BCR_LAB\DOCUMENTS\XIN GUAN\ABSAMS_GUI08\ABSAMS_GUI08\ABSAMSV3.3\SIMULATION\DEBUG\CONTROLFILE.SBR
C:\USERS\BCR_LAB\DOCUMENTS\XIN GUAN\ABSAMS_GUI08\ABSAMS_GUI08\ABSAMSV3.3\SIMULATION\DEBUG\INSTANTIATION.T.OBJ
C:\USERS\BCR_LAB\DOCUMENTS\XIN GUAN\ABSAMS_GUI08\ABSAMS_GUI08\ABSAMSV3.3\SIMULATION\DEBUG\INSTANTIATION.T.SBR
C:\Users\BCR_lab\Documents\Xin Guan\Absams_GUI08\Absams_GUI08\absamsV3.3\Simulation\Debug\lib.command.1.tlog
C:\Users\BCR_lab\Documents\Xin Guan\Absams_GUI08\Absams_GUI08\absamsV3.3\Simulation\Debug\Lib-link.read.1.tlog
C:\Users\BCR_lab\Documents\Xin Guan\Absams_GUI08\Absams_GUI08\absamsV3.3\Simulation\Debug\Lib-link.write.1.tlog
C:\USERS\BCR_LAB\DOCUMENTS\XIN GUAN\ABSAMS_GUI08\ABSAMS_GUI08\ABSAMSV3.3\SIMULATION\DEBUG\SIMULATION.BSC
C:\USERS\BCR_LAB\DOCUMENTS\XIN GUAN\ABSAMS_GUI08\ABSAMS_GUI08\ABSAMSV3.3\SIMULATION\DEBUG\SIMULATION.LIB
C:\USERS\BCR_LAB\DOCUMENTS\XIN GUAN\ABSAMS_GUI08\ABSAMS_GUI08\ABSAMSV3.3\SIMULATION\DEBUG\SIMULATION.OBJ
C:\USERS\BCR_LAB\DOCUMENTS\XIN GUAN\ABSAMS_GUI08\ABSAMS_GUI08\ABSAMSV3.3\SIMULATION\DEBUG\SIMULATION.SBR
C:\Users\BCR_lab\Documents\Xin Guan\Absams_GUI08\Absams_GUI08\absamsV3.3\Simulation\Debug\Simulation.write.1.tlog
C:\Users\BCR_lab\Documents\Xin Guan\Absams_GUI08\Absams_GUI08\absamsV3.3\Simulation\Debug\vc100.idb
C:\USERS\BCR_LAB\DOCUMENTS\XIN GUAN\ABSAMS_GUI08\ABSAMS_GUI08\ABSAMSV3.3\SIMULATION\DEBUG\VC100.PDB
